fatal: not a git repository (or any of the parent directories): .git
fatal: not a git repository (or any of the parent directories): .git
fatal: not a git repository (or any of the parent directories): .git
fatal: not a git repository (or any of the parent directories): .git
fatal: not a git repository (or any of the parent directories): .git
fatal: not a git repository (or any of the parent directories): .git
fatal: not a git repository (or any of the parent directories): .git
fatal: not a git repository (or any of the parent directories): .git
fatal: not a git repository (or any of the parent directories): .git
fatal: not a git repository (or any of the parent directories): .git
fatal: not a git repository (or any of the parent directories): .git
fatal: not a git repository (or any of the parent directories): .git
fatal: not a git repository (or any of the parent directories): .git
fatal: not a git repository (or any of the parent directories): .git
fatal: not a git repository (or any of the parent directories): .git
fatal: detected dubious ownership in repository at '/home/rohit/serverhealthcheck'
To add an exception for this directory, call:

	git config --global --add safe.directory /home/rohit/serverhealthcheck
fatal: detected dubious ownership in repository at '/home/rohit/serverhealthcheck'
To add an exception for this directory, call:

	git config --global --add safe.directory /home/rohit/serverhealthcheck
fatal: detected dubious ownership in repository at '/home/rohit/serverhealthcheck'
To add an exception for this directory, call:

	git config --global --add safe.directory /home/rohit/serverhealthcheck
fatal: detected dubious ownership in repository at '/home/rohit/serverhealthcheck'
To add an exception for this directory, call:

	git config --global --add safe.directory /home/rohit/serverhealthcheck
fatal: detected dubious ownership in repository at '/home/rohit/serverhealthcheck'
To add an exception for this directory, call:

	git config --global --add safe.directory /home/rohit/serverhealthcheck
fatal: detected dubious ownership in repository at '/home/rohit/serverhealthcheck'
To add an exception for this directory, call:

	git config --global --add safe.directory /home/rohit/serverhealthcheck
fatal: detected dubious ownership in repository at '/home/rohit/serverhealthcheck'
To add an exception for this directory, call:

	git config --global --add safe.directory /home/rohit/serverhealthcheck
fatal: detected dubious ownership in repository at '/home/rohit/serverhealthcheck'
To add an exception for this directory, call:

	git config --global --add safe.directory /home/rohit/serverhealthcheck
fatal: detected dubious ownership in repository at '/home/rohit/serverhealthcheck'
To add an exception for this directory, call:

	git config --global --add safe.directory /home/rohit/serverhealthcheck
fatal: detected dubious ownership in repository at '/home/rohit/serverhealthcheck'
To add an exception for this directory, call:

	git config --global --add safe.directory /home/rohit/serverhealthcheck
fatal: detected dubious ownership in repository at '/home/rohit/serverhealthcheck'
To add an exception for this directory, call:

	git config --global --add safe.directory /home/rohit/serverhealthcheck
fatal: detected dubious ownership in repository at '/home/rohit/serverhealthcheck'
To add an exception for this directory, call:

	git config --global --add safe.directory /home/rohit/serverhealthcheck
fatal: detected dubious ownership in repository at '/home/rohit/serverhealthcheck'
To add an exception for this directory, call:

	git config --global --add safe.directory /home/rohit/serverhealthcheck
fatal: detected dubious ownership in repository at '/home/rohit/serverhealthcheck'
To add an exception for this directory, call:

	git config --global --add safe.directory /home/rohit/serverhealthcheck
fatal: detected dubious ownership in repository at '/home/rohit/serverhealthcheck'
To add an exception for this directory, call:

	git config --global --add safe.directory /home/rohit/serverhealthcheck
fatal: detected dubious ownership in repository at '/home/rohit/serverhealthcheck'
To add an exception for this directory, call:

	git config --global --add safe.directory /home/rohit/serverhealthcheck
fatal: detected dubious ownership in repository at '/home/rohit/serverhealthcheck'
To add an exception for this directory, call:

	git config --global --add safe.directory /home/rohit/serverhealthcheck
fatal: detected dubious ownership in repository at '/home/rohit/serverhealthcheck'
To add an exception for this directory, call:

	git config --global --add safe.directory /home/rohit/serverhealthcheck
fatal: detected dubious ownership in repository at '/home/rohit/serverhealthcheck'
To add an exception for this directory, call:

	git config --global --add safe.directory /home/rohit/serverhealthcheck
fatal: detected dubious ownership in repository at '/home/rohit/serverhealthcheck'
To add an exception for this directory, call:

	git config --global --add safe.directory /home/rohit/serverhealthcheck
fatal: detected dubious ownership in repository at '/home/rohit/serverhealthcheck'
To add an exception for this directory, call:

	git config --global --add safe.directory /home/rohit/serverhealthcheck
fatal: detected dubious ownership in repository at '/home/rohit/serverhealthcheck'
To add an exception for this directory, call:

	git config --global --add safe.directory /home/rohit/serverhealthcheck
fatal: detected dubious ownership in repository at '/home/rohit/serverhealthcheck'
To add an exception for this directory, call:

	git config --global --add safe.directory /home/rohit/serverhealthcheck
fatal: detected dubious ownership in repository at '/home/rohit/serverhealthcheck'
To add an exception for this directory, call:

	git config --global --add safe.directory /home/rohit/serverhealthcheck
fatal: detected dubious ownership in repository at '/home/rohit/serverhealthcheck'
To add an exception for this directory, call:

	git config --global --add safe.directory /home/rohit/serverhealthcheck
fatal: detected dubious ownership in repository at '/home/rohit/serverhealthcheck'
To add an exception for this directory, call:

	git config --global --add safe.directory /home/rohit/serverhealthcheck
fatal: detected dubious ownership in repository at '/home/rohit/serverhealthcheck'
To add an exception for this directory, call:

	git config --global --add safe.directory /home/rohit/serverhealthcheck
[main ed3d912] chore: update memory usage
 4 files changed, 100 insertions(+), 2 deletions(-)
 create mode 100644 cron_user_debug.txt
To github.com:RohitDarekar816/serverhealthcheck.git
   9f0b9fe..ed3d912  main -> main
